<?xml version="1.0" encoding="UTF-8"?>
<!-- Generated by org.testng.reporters.JUnitXMLReporter -->
<testsuite ignored="0" hostname="DESKTOP-O6MNE66" failures="0" tests="4" name="Test" time="112.778" errors="0" timestamp="2021-09-09T13:06:24 IST">
  <testcase classname="testcase.EditLead" name="runEdit" time="9.516"/>
  <testcase classname="testcase.DeleteLead" name="runDelete" time="10.02"/>
  <testcase classname="testcase.MergeLead" name="runCreate" time="14.576"/>
  <testcase classname="testcase.DuplicateLead" name="runDuplicate" time="11.314"/>
</testsuite> <!-- Test -->
