<?xml version="1.0" encoding="UTF-8"?>
<testng-results ignored="0" total="4" passed="4" failed="0" skipped="0">
  <reporter-output>
  </reporter-output>
  <suite started-at="2021-09-09T13:04:31 IST" name="Suite" finished-at="2021-09-09T13:06:24 IST" duration-ms="112778">
    <groups>
    </groups>
    <test started-at="2021-09-09T13:04:31 IST" name="Test" finished-at="2021-09-09T13:06:24 IST" duration-ms="112778">
      <class name="testcase.DeleteLead">
        <test-method is-config="true" signature="PreDeclaration()[pri:0, instance:testcase.DeleteLead@595b007d]" started-at="2021-09-09T13:04:59 IST" name="PreDeclaration" finished-at="2021-09-09T13:05:13 IST" duration-ms="14728" status="PASS">
          <reporter-output>
          </reporter-output>
        </test-method> <!-- PreDeclaration -->
        <test-method signature="runDelete()[pri:0, instance:testcase.DeleteLead@595b007d]" started-at="2021-09-09T13:05:13 IST" name="runDelete" finished-at="2021-09-09T13:05:23 IST" duration-ms="10020" status="PASS">
          <reporter-output>
          </reporter-output>
        </test-method> <!-- runDelete -->
        <test-method is-config="true" signature="PostDeclaration()[pri:0, instance:testcase.DeleteLead@595b007d]" started-at="2021-09-09T13:05:23 IST" name="PostDeclaration" finished-at="2021-09-09T13:05:24 IST" duration-ms="360" status="PASS">
          <reporter-output>
          </reporter-output>
        </test-method> <!-- PostDeclaration -->
      </class> <!-- testcase.DeleteLead -->
      <class name="testcase.EditLead">
        <test-method is-config="true" signature="PreDeclaration()[pri:0, instance:testcase.EditLead@6c80d78a]" started-at="2021-09-09T13:04:31 IST" name="PreDeclaration" finished-at="2021-09-09T13:04:49 IST" duration-ms="18020" status="PASS">
          <reporter-output>
          </reporter-output>
        </test-method> <!-- PreDeclaration -->
        <test-method signature="runEdit()[pri:0, instance:testcase.EditLead@6c80d78a]" started-at="2021-09-09T13:04:49 IST" name="runEdit" finished-at="2021-09-09T13:04:59 IST" duration-ms="9516" status="PASS">
          <reporter-output>
          </reporter-output>
        </test-method> <!-- runEdit -->
        <test-method is-config="true" signature="PostDeclaration()[pri:0, instance:testcase.EditLead@6c80d78a]" started-at="2021-09-09T13:04:59 IST" name="PostDeclaration" finished-at="2021-09-09T13:04:59 IST" duration-ms="234" status="PASS">
          <reporter-output>
          </reporter-output>
        </test-method> <!-- PostDeclaration -->
      </class> <!-- testcase.EditLead -->
      <class name="testcase.MergeLead">
        <test-method is-config="true" signature="PreDeclaration()[pri:0, instance:testcase.MergeLead@72d1ad2e]" started-at="2021-09-09T13:05:24 IST" name="PreDeclaration" finished-at="2021-09-09T13:05:37 IST" duration-ms="12889" status="PASS">
          <reporter-output>
          </reporter-output>
        </test-method> <!-- PreDeclaration -->
        <test-method signature="runCreate()[pri:0, instance:testcase.MergeLead@72d1ad2e]" started-at="2021-09-09T13:05:37 IST" name="runCreate" finished-at="2021-09-09T13:05:51 IST" duration-ms="14576" status="PASS">
          <reporter-output>
          </reporter-output>
        </test-method> <!-- runCreate -->
        <test-method is-config="true" signature="PostDeclaration()[pri:0, instance:testcase.MergeLead@72d1ad2e]" started-at="2021-09-09T13:05:51 IST" name="PostDeclaration" finished-at="2021-09-09T13:05:56 IST" duration-ms="4213" status="PASS">
          <reporter-output>
          </reporter-output>
        </test-method> <!-- PostDeclaration -->
      </class> <!-- testcase.MergeLead -->
      <class name="testcase.DuplicateLead">
        <test-method is-config="true" signature="PreDeclaration()[pri:0, instance:testcase.DuplicateLead@2d7275fc]" started-at="2021-09-09T13:05:56 IST" name="PreDeclaration" finished-at="2021-09-09T13:06:08 IST" duration-ms="12630" status="PASS">
          <reporter-output>
          </reporter-output>
        </test-method> <!-- PreDeclaration -->
        <test-method signature="runDuplicate()[pri:0, instance:testcase.DuplicateLead@2d7275fc]" started-at="2021-09-09T13:06:08 IST" name="runDuplicate" finished-at="2021-09-09T13:06:19 IST" duration-ms="11314" status="PASS">
          <reporter-output>
          </reporter-output>
        </test-method> <!-- runDuplicate -->
        <test-method is-config="true" signature="PostDeclaration()[pri:0, instance:testcase.DuplicateLead@2d7275fc]" started-at="2021-09-09T13:06:19 IST" name="PostDeclaration" finished-at="2021-09-09T13:06:24 IST" duration-ms="4213" status="PASS">
          <reporter-output>
          </reporter-output>
        </test-method> <!-- PostDeclaration -->
      </class> <!-- testcase.DuplicateLead -->
    </test> <!-- Test -->
  </suite> <!-- Suite -->
</testng-results>
